0 info it worked if it ends with ok
1 verbose cli [ '/usr/local/Cellar/nvm/0.29.0/versions/node/v4.2.3/bin/node',
1 verbose cli   '/usr/local/opt/nvm/versions/node/v4.2.3/bin/npm',
1 verbose cli   'run',
1 verbose cli   'server' ]
2 info using npm@2.14.7
3 info using node@v4.2.3
4 verbose run-script [ 'preserver', 'server', 'postserver' ]
5 info preserver node-mss-stitch-quantity-bridge@1.0.0
6 info server node-mss-stitch-quantity-bridge@1.0.0
7 verbose unsafe-perm in lifecycle true
8 info node-mss-stitch-quantity-bridge@1.0.0 Failed to exec server script
9 verbose stack Error: node-mss-stitch-quantity-bridge@1.0.0 server: `foreman run node google-server.js`
9 verbose stack spawn ENOENT
9 verbose stack     at ChildProcess.<anonymous> (/usr/local/Cellar/nvm/0.29.0/versions/node/v4.2.3/lib/node_modules/npm/lib/utils/spawn.js:17:16)
9 verbose stack     at emitTwo (events.js:87:13)
9 verbose stack     at ChildProcess.emit (events.js:172:7)
9 verbose stack     at maybeClose (internal/child_process.js:818:16)
9 verbose stack     at Process.ChildProcess._handle.onexit (internal/child_process.js:211:5)
10 verbose pkgid node-mss-stitch-quantity-bridge@1.0.0
11 verbose cwd /Users/rolilink/Sites/Holstee/node-inventory-bridge
12 error Darwin 14.3.0
13 error argv "/usr/local/Cellar/nvm/0.29.0/versions/node/v4.2.3/bin/node" "/usr/local/opt/nvm/versions/node/v4.2.3/bin/npm" "run" "server"
14 error node v4.2.3
15 error npm  v2.14.7
16 error file sh
17 error code ELIFECYCLE
18 error errno ENOENT
19 error syscall spawn
20 error node-mss-stitch-quantity-bridge@1.0.0 server: `foreman run node google-server.js`
20 error spawn ENOENT
21 error Failed at the node-mss-stitch-quantity-bridge@1.0.0 server script 'foreman run node google-server.js'.
21 error This is most likely a problem with the node-mss-stitch-quantity-bridge package,
21 error not with npm itself.
21 error Tell the author that this fails on your system:
21 error     foreman run node google-server.js
21 error You can get their info via:
21 error     npm owner ls node-mss-stitch-quantity-bridge
21 error There is likely additional logging output above.
22 verbose exit [ 1, true ]
